Collision  0  of  256
Collision  1  of  256
Collision  2  of  256
Collision  3  of  256
Collision  4  of  256
Collision  5  of  256
Collision  6  of  256
Collision  7  of  256
Collision  8  of  256
Collision  9  of  256
Collision  10  of  256
Collision  11  of  256
Collision  12  of  256
Collision  13  of  256
Collision  14  of  256
Collision  15  of  256
Collision  16  of  256
Collision  17  of  256
Collision  18  of  256
Collision  19  of  256
Collision  20  of  256
Collision  21  of  256
Collision  22  of  256
Collision  23  of  256
Collision  24  of  256
Collision  25  of  256
Collision  26  of  256
Collision  27  of  256
Collision  28  of  256
Collision  29  of  256
Collision  30  of  256
Collision  31  of  256
Collision  32  of  256
Collision  33  of  256
Collision  34  of  256
Collision  35  of  256
Collision  36  of  256
Collision  37  of  256
Collision  38  of  256
Collision  39  of  256
Collision  40  of  256
Collision  41  of  256
Collision  42  of  256
Collision  43  of  256
Collision  44  of  256
Collision  45  of  256
Collision  46  of  256
Collision  47  of  256
Collision  48  of  256
Collision  49  of  256
Collision  50  of  256
Collision  51  of  256
Collision  52  of  256
Collision  53  of  256
Collision  54  of  256
Collision  55  of  256
Collision  56  of  256
Collision  57  of  256
Collision  58  of  256
Collision  59  of  256
Collision  60  of  256
Collision  61  of  256
Collision  62  of  256
Collision  63  of  256
Collision  64  of  256
Collision  65  of  256
Collision  66  of  256
Collision  67  of  256
Collision  68  of  256
Collision  69  of  256
Collision  70  of  256
Collision  71  of  256
Collision  72  of  256
Collision  73  of  256
Collision  74  of  256
Collision  75  of  256
Collision  76  of  256
Collision  77  of  256
Collision  78  of  256
Collision  79  of  256
Collision  80  of  256
Collision  81  of  256
Collision  82  of  256
Collision  83  of  256
Collision  84  of  256
Collision  85  of  256
Collision  86  of  256
Collision  87  of  256
Collision  88  of  256
Collision  89  of  256
Collision  90  of  256
Collision  91  of  256
Collision  92  of  256
Collision  93  of  256
Collision  94  of  256
Collision  95  of  256
Collision  96  of  256
Collision  97  of  256
Collision  98  of  256
Collision  99  of  256
Collision  100  of  256
Collision  101  of  256
Collision  102  of  256
Collision  103  of  256
Collision  104  of  256
Collision  105  of  256
Collision  106  of  256
Collision  107  of  256
Collision  108  of  256
Collision  109  of  256
Collision  110  of  256
Collision  111  of  256
Collision  112  of  256
Collision  113  of  256
Collision  114  of  256
Collision  115  of  256
Collision  116  of  256
Collision  117  of  256
Collision  118  of  256
Collision  119  of  256
Collision  120  of  256
Collision  121  of  256
Collision  122  of  256
Collision  123  of  256
Collision  124  of  256
Collision  125  of  256
Collision  126  of  256
Collision  127  of  256
Collision  128  of  256
Collision  129  of  256
Collision  130  of  256
Collision  131  of  256
Collision  132  of  256
Collision  133  of  256
Collision  134  of  256
Collision  135  of  256
Collision  136  of  256
Collision  137  of  256
Collision  138  of  256
Collision  139  of  256
Collision  140  of  256
Collision  141  of  256
Collision  142  of  256
Collision  143  of  256
Collision  144  of  256
Collision  145  of  256
Collision  146  of  256
Collision  147  of  256
Collision  148  of  256
Collision  149  of  256
Collision  150  of  256
Collision  151  of  256
Collision  152  of  256
Collision  153  of  256
Collision  154  of  256
Collision  155  of  256
Collision  156  of  256
Collision  157  of  256
Collision  158  of  256
Collision  159  of  256
Collision  160  of  256
Collision  161  of  256
Collision  162  of  256
Collision  163  of  256
Collision  164  of  256
Collision  165  of  256
Collision  166  of  256
Collision  167  of  256
Collision  168  of  256
Collision  169  of  256
Collision  170  of  256
Collision  171  of  256
Collision  172  of  256
Collision  173  of  256
Collision  174  of  256
Collision  175  of  256
Collision  176  of  256
Collision  177  of  256
Collision  178  of  256
Collision  179  of  256
Collision  180  of  256
Collision  181  of  256
Collision  182  of  256
Collision  183  of  256
Collision  184  of  256
Collision  185  of  256
Collision  186  of  256
Collision  187  of  256
Collision  188  of  256
Collision  189  of  256
Collision  190  of  256
Collision  191  of  256
Collision  192  of  256
Collision  193  of  256
Collision  194  of  256
Collision  195  of  256
Collision  196  of  256
Collision  197  of  256
Collision  198  of  256
Collision  199  of  256
Collision  200  of  256
Collision  201  of  256
Collision  202  of  256
Collision  203  of  256
Collision  204  of  256
Collision  205  of  256
Collision  206  of  256
Collision  207  of  256
Collision  208  of  256
Collision  209  of  256
Collision  210  of  256
Collision  211  of  256
Collision  212  of  256
Collision  213  of  256
Collision  214  of  256
Collision  215  of  256
Collision  216  of  256
Collision  217  of  256
Collision  218  of  256
Collision  219  of  256
Collision  220  of  256
Collision  221  of  256
Collision  222  of  256
Collision  223  of  256
Collision  224  of  256
Collision  225  of  256
Collision  226  of  256
Collision  227  of  256
Collision  228  of  256
Collision  229  of  256
Collision  230  of  256
Collision  231  of  256
Collision  232  of  256
Collision  233  of  256
Collision  234  of  256
Collision  235  of  256
Collision  236  of  256
Collision  237  of  256
Collision  238  of  256
Collision  239  of  256
Collision  240  of  256
Collision  241  of  256
Collision  242  of  256
Collision  243  of  256
Collision  244  of  256
Collision  245  of  256
Collision  246  of  256
Collision  247  of  256
Collision  248  of  256
Collision  249  of  256
Collision  250  of  256
Collision  251  of  256
Collision  252  of  256
Collision  253  of  256
Collision  254  of  256
Collision  255  of  256
